<?xml version="1.0" encoding="UTF-8" ?>
<testsuite failures="0" time="0.052" errors="0" skipped="0" tests="49" name="org.skyscreamer.nevado.jms.properties.PropertyConversionTest">
  <properties>
[...]
</properties>
  <testcase time="0.013" classname="org.skyscreamer.nevado.jms.properties.PropertyConversionTest" name="ybFail"/>
  <testcase time="0.001" classname="org.skyscreamer.nevado.jms.properties.PropertyConversionTest" name="sbFail"/>
  <testcase time="0" classname="org.skyscreamer.nevado.jms.properties.PropertyConversionTest" name="cbFail"/>
  <testcase time="0.001" classname="org.skyscreamer.nevado.jms.properties.PropertyConversionTest" name="ibFail"/>
  <testcase time="0" classname="org.skyscreamer.nevado.jms.properties.PropertyConversionTest" name="lbFail"/>
  <testcase time="0.001" classname="org.skyscreamer.nevado.jms.properties.PropertyConversionTest" name="fbFail"/>
  <testcase time="0" classname="org.skyscreamer.nevado.jms.properties.PropertyConversionTest" name="dbFail"/>
  <testcase time="0.001" classname="org.skyscreamer.nevado.jms.properties.PropertyConversionTest" name="zbFail"/>
  <testcase time="0.001" classname="org.skyscreamer.nevado.jms.properties.PropertyConversionTest" name="byFail"/>
  <testcase time="0" classname="org.skyscreamer.nevado.jms.properties.PropertyConversionTest" name="syFail"/>
  <testcase time="0.001" classname="org.skyscreamer.nevado.jms.properties.PropertyConversionTest" name="cyFail"/>
  <testcase time="0" classname="org.skyscreamer.nevado.jms.properties.PropertyConversionTest" name="iyFail"/>
  <testcase time="0" classname="org.skyscreamer.nevado.jms.properties.PropertyConversionTest" name="lyFail"/>
  <testcase time="0.001" classname="org.skyscreamer.nevado.jms.properties.PropertyConversionTest" name="fyFail"/>
  <testcase time="0" classname="org.skyscreamer.nevado.jms.properties.PropertyConversionTest" name="dyFail"/>
  <testcase time="0.001" classname="org.skyscreamer.nevado.jms.properties.PropertyConversionTest" name="zyFail"/>
  <testcase time="0.001" classname="org.skyscreamer.nevado.jms.properties.PropertyConversionTest" name="bhFail"/>
  <testcase time="0.001" classname="org.skyscreamer.nevado.jms.properties.PropertyConversionTest" name="chFail"/>
  <testcase time="0" classname="org.skyscreamer.nevado.jms.properties.PropertyConversionTest" name="ihFail"/>
  <testcase time="0.001" classname="org.skyscreamer.nevado.jms.properties.PropertyConversionTest" name="lhFail"/>
  <testcase time="0.001" classname="org.skyscreamer.nevado.jms.properties.PropertyConversionTest" name="fhFail"/>
  <testcase time="0" classname="org.skyscreamer.nevado.jms.properties.PropertyConversionTest" name="dhFail"/>
  <testcase time="0.001" classname="org.skyscreamer.nevado.jms.properties.PropertyConversionTest" name="zhFail"/>
  <testcase time="0" classname="org.skyscreamer.nevado.jms.properties.PropertyConversionTest" name="biFail"/>
  <testcase time="0.001" classname="org.skyscreamer.nevado.jms.properties.PropertyConversionTest" name="ciFail"/>
  <testcase time="0" classname="org.skyscreamer.nevado.jms.properties.PropertyConversionTest" name="liFail"/>
  <testcase time="0.001" classname="org.skyscreamer.nevado.jms.properties.PropertyConversionTest" name="fiFail"/>
  <testcase time="0" classname="org.skyscreamer.nevado.jms.properties.PropertyConversionTest" name="diFail"/>
  <testcase time="0.001" classname="org.skyscreamer.nevado.jms.properties.PropertyConversionTest" name="ziFail"/>
  <testcase time="0.001" classname="org.skyscreamer.nevado.jms.properties.PropertyConversionTest" name="blFail"/>
  <testcase time="0" classname="org.skyscreamer.nevado.jms.properties.PropertyConversionTest" name="clFail"/>
  <testcase time="0.001" classname="org.skyscreamer.nevado.jms.properties.PropertyConversionTest" name="dlFail"/>
  <testcase time="0" classname="org.skyscreamer.nevado.jms.properties.PropertyConversionTest" name="flFail"/>
  <testcase time="0.001" classname="org.skyscreamer.nevado.jms.properties.PropertyConversionTest" name="zlFail"/>
  <testcase time="0" classname="org.skyscreamer.nevado.jms.properties.PropertyConversionTest" name="bfFail"/>
  <testcase time="0.001" classname="org.skyscreamer.nevado.jms.properties.PropertyConversionTest" name="yfFail"/>
  <testcase time="0" classname="org.skyscreamer.nevado.jms.properties.PropertyConversionTest" name="hfFail"/>
  <testcase time="0" classname="org.skyscreamer.nevado.jms.properties.PropertyConversionTest" name="cfFail"/>
  <testcase time="0" classname="org.skyscreamer.nevado.jms.properties.PropertyConversionTest" name="ifFail"/>
  <testcase time="0.001" classname="org.skyscreamer.nevado.jms.properties.PropertyConversionTest" name="lfFail"/>
  <testcase time="0" classname="org.skyscreamer.nevado.jms.properties.PropertyConversionTest" name="dfFail"/>
  <testcase time="0.001" classname="org.skyscreamer.nevado.jms.properties.PropertyConversionTest" name="zfFail"/>
  <testcase time="0" classname="org.skyscreamer.nevado.jms.properties.PropertyConversionTest" name="bdFail"/>
  <testcase time="0.001" classname="org.skyscreamer.nevado.jms.properties.PropertyConversionTest" name="ydFail"/>
  <testcase time="0.001" classname="org.skyscreamer.nevado.jms.properties.PropertyConversionTest" name="hdFail"/>
  <testcase time="0" classname="org.skyscreamer.nevado.jms.properties.PropertyConversionTest" name="cdFail"/>
  <testcase time="0" classname="org.skyscreamer.nevado.jms.properties.PropertyConversionTest" name="idFail"/>
  <testcase time="0.001" classname="org.skyscreamer.nevado.jms.properties.PropertyConversionTest" name="ldFail"/>
  <testcase time="0.003" classname="org.skyscreamer.nevado.jms.properties.PropertyConversionTest" name="testSupportedConversions"/>
</testsuite>